<?xml version="1.0" encoding="UTF-8"?>
<!-- Generated by org.testng.reporters.JUnitXMLReporter -->
<testsuite hostname="USHYDANCHAND7" ignored="0" name="Default test" tests="4" failures="0" timestamp="06 Jun 2020 12:31:23 GMT" time="48.464" errors="0">
  <testcase name="verifyLoginPageTitleTest" time="0.025" classname="com.orangehrm.Tests.LoginTest"/>
  <testcase name="verifyLoginPageHeaderTest" time="0.073" classname="com.orangehrm.Tests.LoginTest"/>
  <testcase name="verifyLoginTest" time="6.912" classname="com.orangehrm.Tests.LoginTest"/>
  <testcase name="verifyLoginDataTest" time="7.27" classname="com.orangehrm.Tests.LoginTest"/>
</testsuite> <!-- Default test -->
