<?xml version="1.0" encoding="UTF-8"?>
<!-- Generated by org.testng.reporters.JUnitXMLReporter -->
<testsuite hostname="USHYDANCHAND7" ignored="0" name="Orange HRM tests on Firefox" tests="3" failures="0" timestamp="05 Nov 2019 05:31:17 GMT" time="55.804" errors="0">
  <testcase name="verifyLoginPageTitleTest" time="0.009" classname="com.orangehrm.Tests.LoginTest"/>
  <testcase name="verifyLoginPageHeaderTest" time="0.031" classname="com.orangehrm.Tests.LoginTest"/>
  <testcase name="verifyLoginTest" time="2.736" classname="com.orangehrm.Tests.LoginTest"/>
</testsuite> <!-- Orange HRM tests on Firefox -->
