<?xml version="1.0" encoding="UTF-8"?>
<!-- Generated by org.testng.reporters.JUnitXMLReporter -->
<testsuite hostname="USHYDANCHAND7" ignored="0" name="Orange HRM tests on chrome" tests="6" failures="1" timestamp="26 Nov 2019 08:49:49 GMT" time="60.644" errors="0">
  <testcase name="verifyLoginPageTitleTest" time="0.025" classname="com.orangehrm.Tests.LoginTest"/>
  <testcase name="verifyLoginPageHeaderTest" time="0.06" classname="com.orangehrm.Tests.LoginTest"/>
  <testcase name="verifyLoginTest" time="1.92" classname="com.orangehrm.Tests.LoginTest"/>
  <testcase name="verifyLoginDataTest" time="1.823" classname="com.orangehrm.Tests.LoginTest"/>
  <testcase name="verifyUserNameTest" time="7.118" classname="com.orangehrm.Tests.HomePageTest">
    <skipped/>
  </testcase> <!-- verifyUserNameTest -->
  <testcase name="verifyUserNameTest" time="10.567" classname="com.orangehrm.Tests.HomePageTest">
    <failure type="java.lang.NullPointerException">
      <![CDATA[java.lang.NullPointerException
at com.orangehrm.pages.HomePage.userManagementSearch(HomePage.java:77)
at com.orangehrm.Tests.HomePageTest.verifyUserNameTest(HomePageTest.java:40)
at sun.reflect.NativeMethodAccessorImpl.invoke0(Native Method)
at sun.reflect.NativeMethodAccessorImpl.invoke(Unknown Source)
at sun.reflect.DelegatingMethodAccessorImpl.invoke(Unknown Source)
at java.lang.reflect.Method.invoke(Unknown Source)
at org.testng.internal.MethodInvocationHelper.invokeMethod(MethodInvocationHelper.java:124)
at org.testng.internal.Invoker.invokeMethod(Invoker.java:583)
at org.testng.internal.Invoker.retryFailed(Invoker.java:839)
at org.testng.internal.Invoker.invokeTestMethods(Invoker.java:1010)
at org.testng.internal.TestMethodWorker.invokeTestMethods(TestMethodWorker.java:125)
at org.testng.internal.TestMethodWorker.run(TestMethodWorker.java:109)
at org.testng.TestRunner.privateRun(TestRunner.java:648)
at org.testng.TestRunner.run(TestRunner.java:505)
at org.testng.SuiteRunner.runTest(SuiteRunner.java:455)
at org.testng.SuiteRunner.access$000(SuiteRunner.java:40)
at org.testng.SuiteRunner$SuiteWorker.run(SuiteRunner.java:489)
at org.testng.internal.thread.ThreadUtil$1.call(ThreadUtil.java:52)
at java.util.concurrent.FutureTask.run(Unknown Source)
at java.util.concurrent.ThreadPoolExecutor.runWorker(Unknown Source)
at java.util.concurrent.ThreadPoolExecutor$Worker.run(Unknown Source)
at java.lang.Thread.run(Unknown Source)
]]>
    </failure>
  </testcase> <!-- verifyUserNameTest -->
</testsuite> <!-- Orange HRM tests on chrome -->
