<?xml version="1.0" encoding="UTF-8"?>
<!-- Generated by org.testng.reporters.JUnitXMLReporter -->
<testsuite hostname="USHYDANCHAND7" ignored="0" name="Orange HRM tests on chrome" tests="4" failures="0" timestamp="28 Nov 2019 06:35:12 GMT" time="34.587" errors="0">
  <testcase name="verifyLoginPageTitleTest" time="0.032" classname="com.orangehrm.Tests.LoginTest"/>
  <testcase name="verifyLoginPageHeaderTest" time="0.074" classname="com.orangehrm.Tests.LoginTest"/>
  <testcase name="verifyLoginTest" time="5.13" classname="com.orangehrm.Tests.LoginTest"/>
  <testcase name="verifyLoginDataTest" time="3.434" classname="com.orangehrm.Tests.LoginTest"/>
</testsuite> <!-- Orange HRM tests on chrome -->
