<?xml version="1.0" encoding="UTF-8"?>
<testng-results skipped="1" failed="0" ignored="0" total="3" passed="2">
  <reporter-output>
  </reporter-output>
  <suite name="Suite" duration-ms="36540" started-at="2019-11-24T11:51:51Z" finished-at="2019-11-24T11:52:28Z">
    <groups>
    </groups>
    <test name="Orange HRM tests on chrome" duration-ms="36540" started-at="2019-11-24T11:51:51Z" finished-at="2019-11-24T11:52:28Z">
      <class name="com.orangehrm.Tests.LoginTest">
        <test-method status="PASS" signature="setUpTest(java.lang.String)[pri:0, instance:com.orangehrm.Tests.LoginTest@6e509ffa]" name="setUpTest" is-config="true" duration-ms="7279" started-at="2019-11-24T11:51:51Z" finished-at="2019-11-24T11:51:59Z">
          <params>
            <param index="0">
              <value>
                <![CDATA[chrome]]>
              </value>
            </param>
          </params>
          <reporter-output>
          </reporter-output>
        </test-method> <!-- setUpTest -->
        <test-method status="PASS" signature="verifyLoginDataTest(java.lang.String, java.lang.String)[pri:4, instance:com.orangehrm.Tests.LoginTest@6e509ffa]" name="verifyLoginDataTest" duration-ms="1865" started-at="2019-11-24T11:51:59Z" data-provider="getTestData" finished-at="2019-11-24T11:52:00Z">
          <params>
            <param index="0">
              <value>
                <![CDATA[admin]]>
              </value>
            </param>
            <param index="1">
              <value>
                <![CDATA[admin123]]>
              </value>
            </param>
          </params>
          <reporter-output>
          </reporter-output>
        </test-method> <!-- verifyLoginDataTest -->
        <test-method status="PASS" signature="tearDown()[pri:0, instance:com.orangehrm.Tests.LoginTest@6e509ffa]" name="tearDown" is-config="true" duration-ms="1265" started-at="2019-11-24T11:52:00Z" finished-at="2019-11-24T11:52:02Z">
          <reporter-output>
          </reporter-output>
        </test-method> <!-- tearDown -->
      </class> <!-- com.orangehrm.Tests.LoginTest -->
      <class name="com.orangehrm.Tests.HomePageTest">
        <test-method status="PASS" signature="setUpTest(java.lang.String)[pri:0, instance:com.orangehrm.Tests.HomePageTest@2898ac89]" name="setUpTest" is-config="true" duration-ms="5688" started-at="2019-11-24T11:52:02Z" finished-at="2019-11-24T11:52:07Z">
          <params>
            <param index="0">
              <value>
                <![CDATA[chrome]]>
              </value>
            </param>
          </params>
          <reporter-output>
          </reporter-output>
        </test-method> <!-- setUpTest -->
        <test-method status="SKIP" signature="verifyUserNameTest(java.lang.String, java.lang.String)[pri:4, instance:com.orangehrm.Tests.HomePageTest@2898ac89]" name="verifyUserNameTest" duration-ms="3956" started-at="2019-11-24T11:52:07Z" data-provider="getTestData" finished-at="2019-11-24T11:52:11Z">
          <params>
            <param index="0">
              <value>
                <![CDATA[admin]]>
              </value>
            </param>
            <param index="1">
              <value>
                <![CDATA[admin123]]>
              </value>
            </param>
          </params>
          <exception class="java.lang.NullPointerException">
            <full-stacktrace>
              <![CDATA[java.lang.NullPointerException
at com.orangehrm.pages.HomePage.userManagementSearch(HomePage.java:68)
at com.orangehrm.Tests.HomePageTest.verifyUserNameTest(HomePageTest.java:35)
at sun.reflect.NativeMethodAccessorImpl.invoke0(Native Method)
at sun.reflect.NativeMethodAccessorImpl.invoke(Unknown Source)
at sun.reflect.DelegatingMethodAccessorImpl.invoke(Unknown Source)
at java.lang.reflect.Method.invoke(Unknown Source)
at org.testng.internal.MethodInvocationHelper.invokeMethod(MethodInvocationHelper.java:124)
at org.testng.internal.Invoker.invokeMethod(Invoker.java:583)
at org.testng.internal.Invoker.invokeTestMethod(Invoker.java:719)
at org.testng.internal.Invoker.invokeTestMethods(Invoker.java:989)
at org.testng.internal.TestMethodWorker.invokeTestMethods(TestMethodWorker.java:125)
at org.testng.internal.TestMethodWorker.run(TestMethodWorker.java:109)
at org.testng.TestRunner.privateRun(TestRunner.java:648)
at org.testng.TestRunner.run(TestRunner.java:505)
at org.testng.SuiteRunner.runTest(SuiteRunner.java:455)
at org.testng.SuiteRunner.access$000(SuiteRunner.java:40)
at org.testng.SuiteRunner$SuiteWorker.run(SuiteRunner.java:489)
at org.testng.internal.thread.ThreadUtil$1.call(ThreadUtil.java:52)
at java.util.concurrent.FutureTask.run(Unknown Source)
at java.util.concurrent.ThreadPoolExecutor.runWorker(Unknown Source)
at java.util.concurrent.ThreadPoolExecutor$Worker.run(Unknown Source)
at java.lang.Thread.run(Unknown Source)
]]>
            </full-stacktrace>
          </exception> <!-- java.lang.NullPointerException -->
          <reporter-output>
          </reporter-output>
        </test-method> <!-- verifyUserNameTest -->
        <test-method status="PASS" signature="tearDown()[pri:0, instance:com.orangehrm.Tests.HomePageTest@2898ac89]" name="tearDown" is-config="true" duration-ms="1135" started-at="2019-11-24T11:52:11Z" finished-at="2019-11-24T11:52:12Z">
          <reporter-output>
          </reporter-output>
        </test-method> <!-- tearDown -->
        <test-method status="PASS" signature="setUpTest(java.lang.String)[pri:0, instance:com.orangehrm.Tests.HomePageTest@2898ac89]" name="setUpTest" is-config="true" duration-ms="5728" started-at="2019-11-24T11:52:13Z" finished-at="2019-11-24T11:52:18Z">
          <params>
            <param index="0">
              <value>
                <![CDATA[chrome]]>
              </value>
            </param>
          </params>
          <reporter-output>
          </reporter-output>
        </test-method> <!-- setUpTest -->
        <test-method status="PASS" signature="verifyUserNameTest(java.lang.String, java.lang.String)[pri:4, instance:com.orangehrm.Tests.HomePageTest@2898ac89]" name="verifyUserNameTest" duration-ms="8304" started-at="2019-11-24T11:52:18Z" data-provider="getTestData" finished-at="2019-11-24T11:52:27Z">
          <params>
            <param index="0">
              <value>
                <![CDATA[admin]]>
              </value>
            </param>
            <param index="1">
              <value>
                <![CDATA[admin123]]>
              </value>
            </param>
          </params>
          <reporter-output>
          </reporter-output>
        </test-method> <!-- verifyUserNameTest -->
        <test-method status="PASS" signature="tearDown()[pri:0, instance:com.orangehrm.Tests.HomePageTest@2898ac89]" name="tearDown" is-config="true" duration-ms="1153" started-at="2019-11-24T11:52:27Z" finished-at="2019-11-24T11:52:28Z">
          <reporter-output>
          </reporter-output>
        </test-method> <!-- tearDown -->
      </class> <!-- com.orangehrm.Tests.HomePageTest -->
    </test> <!-- Orange HRM tests on chrome -->
  </suite> <!-- Suite -->
</testng-results>
