<?xml version="1.0" encoding="UTF-8"?>
<testng-results skipped="1" failed="1" ignored="0" total="6" passed="4">
  <reporter-output>
  </reporter-output>
  <suite name="Suite" duration-ms="60644" started-at="2019-11-26T08:48:48Z" finished-at="2019-11-26T08:49:49Z">
    <groups>
    </groups>
    <test name="Orange HRM tests on chrome" duration-ms="60644" started-at="2019-11-26T08:48:48Z" finished-at="2019-11-26T08:49:49Z">
      <class name="com.orangehrm.Tests.LoginTest">
        <test-method status="PASS" signature="setUpTest(java.lang.String)[pri:0, instance:com.orangehrm.Tests.LoginTest@6e509ffa]" name="setUpTest" is-config="true" duration-ms="6931" started-at="2019-11-26T08:48:48Z" finished-at="2019-11-26T08:48:55Z">
          <params>
            <param index="0">
              <value>
                <![CDATA[chrome]]>
              </value>
            </param>
          </params>
          <reporter-output>
          </reporter-output>
        </test-method> <!-- setUpTest -->
        <test-method status="PASS" signature="verifyLoginPageTitleTest()[pri:1, instance:com.orangehrm.Tests.LoginTest@6e509ffa]" name="verifyLoginPageTitleTest" duration-ms="25" started-at="2019-11-26T08:48:55Z" finished-at="2019-11-26T08:48:55Z">
          <reporter-output>
          </reporter-output>
        </test-method> <!-- verifyLoginPageTitleTest -->
        <test-method status="PASS" signature="tearDown()[pri:0, instance:com.orangehrm.Tests.LoginTest@6e509ffa]" name="tearDown" is-config="true" duration-ms="1111" started-at="2019-11-26T08:48:55Z" finished-at="2019-11-26T08:48:56Z">
          <reporter-output>
          </reporter-output>
        </test-method> <!-- tearDown -->
        <test-method status="PASS" signature="setUpTest(java.lang.String)[pri:0, instance:com.orangehrm.Tests.LoginTest@6e509ffa]" name="setUpTest" is-config="true" duration-ms="5013" started-at="2019-11-26T08:48:56Z" finished-at="2019-11-26T08:49:01Z">
          <params>
            <param index="0">
              <value>
                <![CDATA[chrome]]>
              </value>
            </param>
          </params>
          <reporter-output>
          </reporter-output>
        </test-method> <!-- setUpTest -->
        <test-method status="PASS" signature="verifyLoginPageHeaderTest()[pri:2, instance:com.orangehrm.Tests.LoginTest@6e509ffa]" name="verifyLoginPageHeaderTest" duration-ms="60" started-at="2019-11-26T08:49:01Z" finished-at="2019-11-26T08:49:01Z">
          <reporter-output>
          </reporter-output>
        </test-method> <!-- verifyLoginPageHeaderTest -->
        <test-method status="PASS" signature="tearDown()[pri:0, instance:com.orangehrm.Tests.LoginTest@6e509ffa]" name="tearDown" is-config="true" duration-ms="1170" started-at="2019-11-26T08:49:01Z" finished-at="2019-11-26T08:49:02Z">
          <reporter-output>
          </reporter-output>
        </test-method> <!-- tearDown -->
        <test-method status="PASS" signature="setUpTest(java.lang.String)[pri:0, instance:com.orangehrm.Tests.LoginTest@6e509ffa]" name="setUpTest" is-config="true" duration-ms="5117" started-at="2019-11-26T08:49:02Z" finished-at="2019-11-26T08:49:07Z">
          <params>
            <param index="0">
              <value>
                <![CDATA[chrome]]>
              </value>
            </param>
          </params>
          <reporter-output>
          </reporter-output>
        </test-method> <!-- setUpTest -->
        <test-method status="PASS" signature="verifyLoginTest()[pri:3, instance:com.orangehrm.Tests.LoginTest@6e509ffa]" name="verifyLoginTest" duration-ms="1920" started-at="2019-11-26T08:49:07Z" finished-at="2019-11-26T08:49:09Z">
          <reporter-output>
          </reporter-output>
        </test-method> <!-- verifyLoginTest -->
        <test-method status="PASS" signature="tearDown()[pri:0, instance:com.orangehrm.Tests.LoginTest@6e509ffa]" name="tearDown" is-config="true" duration-ms="930" started-at="2019-11-26T08:49:09Z" finished-at="2019-11-26T08:49:10Z">
          <reporter-output>
          </reporter-output>
        </test-method> <!-- tearDown -->
        <test-method status="PASS" signature="setUpTest(java.lang.String)[pri:0, instance:com.orangehrm.Tests.LoginTest@6e509ffa]" name="setUpTest" is-config="true" duration-ms="5175" started-at="2019-11-26T08:49:10Z" finished-at="2019-11-26T08:49:15Z">
          <params>
            <param index="0">
              <value>
                <![CDATA[chrome]]>
              </value>
            </param>
          </params>
          <reporter-output>
          </reporter-output>
        </test-method> <!-- setUpTest -->
        <test-method status="PASS" signature="verifyLoginDataTest(java.lang.String, java.lang.String)[pri:4, instance:com.orangehrm.Tests.LoginTest@6e509ffa]" name="verifyLoginDataTest" duration-ms="1823" started-at="2019-11-26T08:49:15Z" data-provider="getTestData" finished-at="2019-11-26T08:49:17Z">
          <params>
            <param index="0">
              <value>
                <![CDATA[admin]]>
              </value>
            </param>
            <param index="1">
              <value>
                <![CDATA[admin123]]>
              </value>
            </param>
          </params>
          <reporter-output>
          </reporter-output>
        </test-method> <!-- verifyLoginDataTest -->
        <test-method status="PASS" signature="tearDown()[pri:0, instance:com.orangehrm.Tests.LoginTest@6e509ffa]" name="tearDown" is-config="true" duration-ms="1062" started-at="2019-11-26T08:49:17Z" finished-at="2019-11-26T08:49:18Z">
          <reporter-output>
          </reporter-output>
        </test-method> <!-- tearDown -->
      </class> <!-- com.orangehrm.Tests.LoginTest -->
      <class name="com.orangehrm.Tests.HomePageTest">
        <test-method status="PASS" signature="setUpTest(java.lang.String)[pri:0, instance:com.orangehrm.Tests.HomePageTest@2898ac89]" name="setUpTest" is-config="true" duration-ms="5010" started-at="2019-11-26T08:49:18Z" finished-at="2019-11-26T08:49:23Z">
          <params>
            <param index="0">
              <value>
                <![CDATA[chrome]]>
              </value>
            </param>
          </params>
          <reporter-output>
          </reporter-output>
        </test-method> <!-- setUpTest -->
        <test-method status="SKIP" signature="verifyUserNameTest(java.lang.String, java.lang.String)[pri:4, instance:com.orangehrm.Tests.HomePageTest@2898ac89]" name="verifyUserNameTest" duration-ms="7118" started-at="2019-11-26T08:49:23Z" data-provider="getTestData" finished-at="2019-11-26T08:49:30Z">
          <params>
            <param index="0">
              <value>
                <![CDATA[admin]]>
              </value>
            </param>
            <param index="1">
              <value>
                <![CDATA[admin123]]>
              </value>
            </param>
          </params>
          <exception class="java.lang.NullPointerException">
            <full-stacktrace>
              <![CDATA[java.lang.NullPointerException
at com.orangehrm.pages.HomePage.userManagementSearch(HomePage.java:75)
at com.orangehrm.Tests.HomePageTest.verifyUserNameTest(HomePageTest.java:40)
at sun.reflect.NativeMethodAccessorImpl.invoke0(Native Method)
at sun.reflect.NativeMethodAccessorImpl.invoke(Unknown Source)
at sun.reflect.DelegatingMethodAccessorImpl.invoke(Unknown Source)
at java.lang.reflect.Method.invoke(Unknown Source)
at org.testng.internal.MethodInvocationHelper.invokeMethod(MethodInvocationHelper.java:124)
at org.testng.internal.Invoker.invokeMethod(Invoker.java:583)
at org.testng.internal.Invoker.invokeTestMethod(Invoker.java:719)
at org.testng.internal.Invoker.invokeTestMethods(Invoker.java:989)
at org.testng.internal.TestMethodWorker.invokeTestMethods(TestMethodWorker.java:125)
at org.testng.internal.TestMethodWorker.run(TestMethodWorker.java:109)
at org.testng.TestRunner.privateRun(TestRunner.java:648)
at org.testng.TestRunner.run(TestRunner.java:505)
at org.testng.SuiteRunner.runTest(SuiteRunner.java:455)
at org.testng.SuiteRunner.access$000(SuiteRunner.java:40)
at org.testng.SuiteRunner$SuiteWorker.run(SuiteRunner.java:489)
at org.testng.internal.thread.ThreadUtil$1.call(ThreadUtil.java:52)
at java.util.concurrent.FutureTask.run(Unknown Source)
at java.util.concurrent.ThreadPoolExecutor.runWorker(Unknown Source)
at java.util.concurrent.ThreadPoolExecutor$Worker.run(Unknown Source)
at java.lang.Thread.run(Unknown Source)
]]>
            </full-stacktrace>
          </exception> <!-- java.lang.NullPointerException -->
          <reporter-output>
          </reporter-output>
        </test-method> <!-- verifyUserNameTest -->
        <test-method status="PASS" signature="tearDown()[pri:0, instance:com.orangehrm.Tests.HomePageTest@2898ac89]" name="tearDown" is-config="true" duration-ms="1149" started-at="2019-11-26T08:49:30Z" finished-at="2019-11-26T08:49:32Z">
          <reporter-output>
          </reporter-output>
        </test-method> <!-- tearDown -->
        <test-method status="PASS" signature="setUpTest(java.lang.String)[pri:0, instance:com.orangehrm.Tests.HomePageTest@2898ac89]" name="setUpTest" is-config="true" duration-ms="5240" started-at="2019-11-26T08:49:32Z" finished-at="2019-11-26T08:49:37Z">
          <params>
            <param index="0">
              <value>
                <![CDATA[chrome]]>
              </value>
            </param>
          </params>
          <reporter-output>
          </reporter-output>
        </test-method> <!-- setUpTest -->
        <test-method status="FAIL" signature="verifyUserNameTest(java.lang.String, java.lang.String)[pri:4, instance:com.orangehrm.Tests.HomePageTest@2898ac89]" name="verifyUserNameTest" duration-ms="10567" started-at="2019-11-26T08:49:37Z" data-provider="getTestData" finished-at="2019-11-26T08:49:47Z">
          <params>
            <param index="0">
              <value>
                <![CDATA[admin]]>
              </value>
            </param>
            <param index="1">
              <value>
                <![CDATA[admin123]]>
              </value>
            </param>
          </params>
          <exception class="java.lang.NullPointerException">
            <full-stacktrace>
              <![CDATA[java.lang.NullPointerException
at com.orangehrm.pages.HomePage.userManagementSearch(HomePage.java:77)
at com.orangehrm.Tests.HomePageTest.verifyUserNameTest(HomePageTest.java:40)
at sun.reflect.NativeMethodAccessorImpl.invoke0(Native Method)
at sun.reflect.NativeMethodAccessorImpl.invoke(Unknown Source)
at sun.reflect.DelegatingMethodAccessorImpl.invoke(Unknown Source)
at java.lang.reflect.Method.invoke(Unknown Source)
at org.testng.internal.MethodInvocationHelper.invokeMethod(MethodInvocationHelper.java:124)
at org.testng.internal.Invoker.invokeMethod(Invoker.java:583)
at org.testng.internal.Invoker.retryFailed(Invoker.java:839)
at org.testng.internal.Invoker.invokeTestMethods(Invoker.java:1010)
at org.testng.internal.TestMethodWorker.invokeTestMethods(TestMethodWorker.java:125)
at org.testng.internal.TestMethodWorker.run(TestMethodWorker.java:109)
at org.testng.TestRunner.privateRun(TestRunner.java:648)
at org.testng.TestRunner.run(TestRunner.java:505)
at org.testng.SuiteRunner.runTest(SuiteRunner.java:455)
at org.testng.SuiteRunner.access$000(SuiteRunner.java:40)
at org.testng.SuiteRunner$SuiteWorker.run(SuiteRunner.java:489)
at org.testng.internal.thread.ThreadUtil$1.call(ThreadUtil.java:52)
at java.util.concurrent.FutureTask.run(Unknown Source)
at java.util.concurrent.ThreadPoolExecutor.runWorker(Unknown Source)
at java.util.concurrent.ThreadPoolExecutor$Worker.run(Unknown Source)
at java.lang.Thread.run(Unknown Source)
]]>
            </full-stacktrace>
          </exception> <!-- java.lang.NullPointerException -->
          <reporter-output>
          </reporter-output>
        </test-method> <!-- verifyUserNameTest -->
        <test-method status="PASS" signature="tearDown()[pri:0, instance:com.orangehrm.Tests.HomePageTest@2898ac89]" name="tearDown" is-config="true" duration-ms="1080" started-at="2019-11-26T08:49:47Z" finished-at="2019-11-26T08:49:49Z">
          <reporter-output>
          </reporter-output>
        </test-method> <!-- tearDown -->
      </class> <!-- com.orangehrm.Tests.HomePageTest -->
    </test> <!-- Orange HRM tests on chrome -->
  </suite> <!-- Suite -->
</testng-results>
